<?xml version="1.0" encoding="UTF-8"?>
<!-- Generated by org.testng.reporters.JUnitXMLReporter -->
<testsuite ignored="0" hostname="DESKTOP-3TPQ8L5" failures="0" tests="5" name="Default test" time="53.553" errors="0" timestamp="2022-12-22T03:44:28 EST">
  <testcase classname="tests.CraterUserManagement" name="invalidLogin" time="4.75"/>
  <testcase classname="tests.CraterUserManagement" name="invalidLogin" time="4.973"/>
  <testcase classname="tests.CraterUserManagement" name="invalidLogin" time="4.278"/>
  <testcase classname="tests.CraterUserManagement" name="invalidLogin" time="4.224"/>
  <testcase classname="tests.CraterUserManagement" name="validLogin" time="6.266"/>
</testsuite> <!-- Default test -->
